/*
データベース演習I 課題2
クラス：SK1A 04
制作者：文家俊
作成日：2020/10/06
*/


mysql> source database2.sql
--------------
INSERT INTO STORE(STORE_NO,SNAME,TEL,PREFECTURES,ADDRESS,OPEN_TIME,CLOSE_TIME,HOLIDAY,STATUS)
	VALUES('005','阿倍野店','0666229986','大阪府','大阪市阿倍野区文の里１―１―４０','09:00','22:00','土日','未オープン')
--------------

Query OK, 1 row affected (0.00 sec)

--------------
SELECT * FROM STORE WHERE STORE_NO = '005'
--------------

+----------+--------------+------------+-------------+--------------------------------------------------+-----------+------------+---------+-----------------+
| STORE_NO | SNAME        | TEL        | PREFECTURES | ADDRESS                                          | OPEN_TIME | CLOSE_TIME | HOLIDAY | STATUS          |
+----------+--------------+------------+-------------+--------------------------------------------------+-----------+------------+---------+-----------------+
| 005      | 阿倍野店     | 0666229986 | 大阪府      | 大阪市阿倍野区文の里１―１―４０                   | 09:00:00  | 22:00:00   | 土日    | 未オープン      |
+----------+--------------+------------+-------------+--------------------------------------------------+-----------+------------+---------+-----------------+
1 row in set (0.00 sec)

--------------
INSERT INTO EMPLOYEE(EMP_NO,ENAME,BIRTHDAY,TEL,ADDRESS,HIREDATE,JOB,RANK_POINT,SALARY,WORK_STORE,MGR_NO)
	VALUES ('00016','升野英知','1975-11-28','0332221234','福岡県福岡市博多区住吉１－２','2020-09-01','店長','0','2000','005','00001')
--------------

Query OK, 1 row affected (0.00 sec)

--------------
SELECT * FROM EMPLOYEE WHERE EMP_NO='00016'
--------------

+--------+--------------+------------+------------+--------------------------------------------+------------+--------+------------+--------+------------+--------+
| EMP_NO | ENAME        | BIRTHDAY   | TEL        | ADDRESS                                    | HIREDATE   | JOB    | RANK_POINT | SALARY | WORK_STORE | MGR_NO |
+--------+--------------+------------+------------+--------------------------------------------+------------+--------+------------+--------+------------+--------+
| 00016  | 升野英知     | 1975-11-28 | 0332221234 | 福岡県福岡市博多区住吉１－２               | 2020-09-01 | 店長   |          0 |   2000 | 005        | 00001  |
+--------+--------------+------------+------------+--------------------------------------------+------------+--------+------------+--------+------------+--------+
1 row in set (0.00 sec)

--------------
COMMIT
--------------

Query OK, 0 rows affected (0.01 sec)

--------------
UPDATE EMPLOYEE SET MGR_NO='00016',WORK_STORE='005'
    WHERE EMP_NO='00007'
--------------

Query OK, 1 row affected (0.00 sec)
Rows matched: 1  Changed: 1  Warnings: 0

--------------
SELECT * FROM EMPLOYEE WHERE EMP_NO='00007'
--------------

+--------+-----------+------------+------------+-----------------------------------------------------------+------------+--------+------------+--------+------------+--------+
| EMP_NO | ENAME     | BIRTHDAY   | TEL        | ADDRESS                                                   | HIREDATE   | JOB    | RANK_POINT | SALARY | WORK_STORE | MGR_NO |
+--------+-----------+------------+------------+-----------------------------------------------------------+------------+--------+------------+--------+------------+--------+
| 00007  | 横山裕    | 1981-05-09 | 0660020002 | 大阪府大阪市浪速区恵美須東１－１８－２                    | 2010-04-01 | 配達   |          0 |    850 | 005        | 00016  |
+--------+-----------+------------+------------+-----------------------------------------------------------+------------+--------+------------+--------+------------+--------+
1 row in set (0.00 sec)

--------------
ROLLBACK
--------------

Query OK, 0 rows affected (0.01 sec)

--------------
UPDATE EMPLOYEE SET MGR_NO='00016'
    WHERE WORK_STORE='004'
--------------

Query OK, 5 rows affected (0.00 sec)
Rows matched: 5  Changed: 5  Warnings: 0

--------------
UPDATE EMPLOYEE SET WORK_STORE='005'
    WHERE WORK_STORE='004'
--------------

Query OK, 5 rows affected (0.00 sec)
Rows matched: 5  Changed: 5  Warnings: 0

--------------
SELECT * FROM EMPLOYEE WHERE WORK_STORE='005'
--------------

+--------+-----------------+------------+------------+--------------------------------------------+------------+--------+------------+--------+------------+--------+
| EMP_NO | ENAME           | BIRTHDAY   | TEL        | ADDRESS                                    | HIREDATE   | JOB    | RANK_POINT | SALARY | WORK_STORE | MGR_NO |
+--------+-----------------+------------+------------+--------------------------------------------+------------+--------+------------+--------+------------+--------+
| 00011  | 秋元真夏        | 1993-08-20 | 0331112222 | 東京都港区芝公園４－２－８                 | 2015-05-10 | 店長   |          0 |   2800 | 005        | 00016  |
| 00012  | 生田絵梨花      | 1997-01-22 | 0331113333 | 東京都港区芝公園４－２－７                 | 2015-05-10 | 配達   |          0 |    800 | 005        | 00016  |
| 00013  | 斎藤飛鳥        | 1998-08-10 | 0331114444 | 東京都港区芝公園４－２－６                 | 2018-12-01 | 調理   |          0 |    800 | 005        | 00016  |
| 00014  | 白石麻衣        | 1992-08-20 | 0331115555 | 東京都港区芝公園４－２－５                 | 2016-10-01 | 調理   |          0 |    800 | 005        | 00016  |
| 00015  | 高山一実        | 1994-02-08 | 0331116666 | 東京都港区芝公園４－２－４                 | 2015-09-25 | 受付   |          0 |    800 | 005        | 00016  |
| 00016  | 升野英知        | 1975-11-28 | 0332221234 | 福岡県福岡市博多区住吉１－２               | 2020-09-01 | 店長   |          0 |   2000 | 005        | 00001  |
+--------+-----------------+------------+------------+--------------------------------------------+------------+--------+------------+--------+------------+--------+
6 rows in set (0.00 sec)

--------------
DELETE FROM EMPLOYEE
    WHERE EMP_NO='00013'
--------------

Query OK, 1 row affected (0.00 sec)

--------------
SELECT * FROM EMPLOYEE
--------------

+--------+-----------------+------------+------------+-----------------------------------------------------------+------------+--------+------------+--------+------------+--------+
| EMP_NO | ENAME           | BIRTHDAY   | TEL        | ADDRESS                                                   | HIREDATE   | JOB    | RANK_POINT | SALARY | WORK_STORE | MGR_NO |
+--------+-----------------+------------+------------+-----------------------------------------------------------+------------+--------+------------+--------+------------+--------+
| 00001  | 小林友治        | 1972-07-04 | 0660030001 | 京都府京都市下京区東塩小路町７２１－１                    | 2007-06-15 | 店長   |          0 |   5000 | 003        | NULL   |
| 00002  | 小林圭輔        | 1986-03-06 | 0660010001 | 大阪市中央区大手前１－１－１                              | 2010-04-01 | 店長   |          0 |   3500 | 001        | 00001  |
| 00003  | 友保隼平        | 1985-08-11 | 0660010002 | 大阪市中央区大手前１－１－２                              | 2013-09-10 | 受付   |          0 |    950 | 001        | 00002  |
| 00004  | 稲田直樹        | 1984-12-28 | 0660010003 | 大阪市中央区大手前１－１－３                              | 2013-04-01 | 配達   |          0 |    900 | 001        | 00002  |
| 00005  | 河井ゆずる      | 1980-11-28 | 0660010004 | 大阪市中央区大手前１－１－４                              | 2013-05-15 | 調理   |          0 |    900 | 001        | 00002  |
| 00006  | 村上信五        | 1982-01-26 | 0660020001 | 大阪府大阪市浪速区恵美須東１－１８－１                    | 2010-04-01 | 店長   |          0 |   3000 | 002        | 00001  |
| 00007  | 横山裕          | 1981-05-09 | 0660020002 | 大阪府大阪市浪速区恵美須東１－１８－２                    | 2010-04-01 | 配達   |          0 |    850 | 002        | 00006  |
| 00008  | 大倉忠義        | 1985-05-16 | 0660020003 | 大阪府大阪市浪速区恵美須東１－１８－３                    | 2013-09-20 | 配達   |          0 |   1000 | 002        | 00006  |
| 00009  | 安田章大        | 1984-09-11 | 0660020004 | 大阪府大阪市浪速区恵美須東１－１８－４                    | 2013-12-01 | 調理   |          0 |    850 | 002        | 00006  |
| 00010  | 丸山隆平        | 1983-11-26 | 0660010005 | 大阪府大阪市浪速区恵美須東１－１８－５                    | 2016-10-01 | 受付   |          0 |    850 | 002        | 00006  |
| 00011  | 秋元真夏        | 1993-08-20 | 0331112222 | 東京都港区芝公園４－２－８                                | 2015-05-10 | 店長   |          0 |   2800 | 005        | 00016  |
| 00012  | 生田絵梨花      | 1997-01-22 | 0331113333 | 東京都港区芝公園４－２－７                                | 2015-05-10 | 配達   |          0 |    800 | 005        | 00016  |
| 00014  | 白石麻衣        | 1992-08-20 | 0331115555 | 東京都港区芝公園４－２－５                                | 2016-10-01 | 調理   |          0 |    800 | 005        | 00016  |
| 00015  | 高山一実        | 1994-02-08 | 0331116666 | 東京都港区芝公園４－２－４                                | 2015-09-25 | 受付   |          0 |    800 | 005        | 00016  |
| 00016  | 升野英知        | 1975-11-28 | 0332221234 | 福岡県福岡市博多区住吉１－２                              | 2020-09-01 | 店長   |          0 |   2000 | 005        | 00001  |
+--------+-----------------+------------+------------+-----------------------------------------------------------+------------+--------+------------+--------+------------+--------+
15 rows in set (0.00 sec)

--------------
UPDATE EMPLOYEE SET JOB='調理'
    WHERE EMP_NO='00011'
--------------

Query OK, 1 row affected (0.00 sec)
Rows matched: 1  Changed: 1  Warnings: 0

--------------
UPDATE EMPLOYEE SET SALARY='950'
    WHERE EMP_NO='00011'
--------------

Query OK, 1 row affected (0.00 sec)
Rows matched: 1  Changed: 1  Warnings: 0

--------------
SELECT * FROM EMPLOYEE WHERE EMP_NO = '00011'
--------------

+--------+--------------+------------+------------+-----------------------------------------+------------+--------+------------+--------+------------+--------+
| EMP_NO | ENAME        | BIRTHDAY   | TEL        | ADDRESS                                 | HIREDATE   | JOB    | RANK_POINT | SALARY | WORK_STORE | MGR_NO |
+--------+--------------+------------+------------+-----------------------------------------+------------+--------+------------+--------+------------+--------+
| 00011  | 秋元真夏     | 1993-08-20 | 0331112222 | 東京都港区芝公園４－２－８              | 2015-05-10 | 調理   |          0 |    950 | 005        | 00016  |
+--------+--------------+------------+------------+-----------------------------------------+------------+--------+------------+--------+------------+--------+
1 row in set (0.00 sec)

--------------
UPDATE EMPLOYEE SET MGR_NO='00016'
	WHERE EMP_NO > '00010' AND EMP_NO < '00016'
--------------

Query OK, 0 rows affected (0.00 sec)
Rows matched: 4  Changed: 0  Warnings: 0

--------------
SELECT * FROM EMPLOYEE WHERE WORK_STORE='005'
--------------

+--------+-----------------+------------+------------+--------------------------------------------+------------+--------+------------+--------+------------+--------+
| EMP_NO | ENAME           | BIRTHDAY   | TEL        | ADDRESS                                    | HIREDATE   | JOB    | RANK_POINT | SALARY | WORK_STORE | MGR_NO |
+--------+-----------------+------------+------------+--------------------------------------------+------------+--------+------------+--------+------------+--------+
| 00011  | 秋元真夏        | 1993-08-20 | 0331112222 | 東京都港区芝公園４－２－８                 | 2015-05-10 | 調理   |          0 |    950 | 005        | 00016  |
| 00012  | 生田絵梨花      | 1997-01-22 | 0331113333 | 東京都港区芝公園４－２－７                 | 2015-05-10 | 配達   |          0 |    800 | 005        | 00016  |
| 00014  | 白石麻衣        | 1992-08-20 | 0331115555 | 東京都港区芝公園４－２－５                 | 2016-10-01 | 調理   |          0 |    800 | 005        | 00016  |
| 00015  | 高山一実        | 1994-02-08 | 0331116666 | 東京都港区芝公園４－２－４                 | 2015-09-25 | 受付   |          0 |    800 | 005        | 00016  |
| 00016  | 升野英知        | 1975-11-28 | 0332221234 | 福岡県福岡市博多区住吉１－２               | 2020-09-01 | 店長   |          0 |   2000 | 005        | 00001  |
+--------+-----------------+------------+------------+--------------------------------------------+------------+--------+------------+--------+------------+--------+
5 rows in set (0.00 sec)

--------------
DELETE FROM STORE
    WHERE STORE_NO='004'
--------------

Query OK, 1 row affected (0.00 sec)

--------------
UPDATE STORE SET STATUS='営業中'
    WHERE STORE_NO='005'
--------------

Query OK, 1 row affected (0.00 sec)
Rows matched: 1  Changed: 1  Warnings: 0

--------------
SELECT * FROM STORE
--------------

+----------+--------------+------------+-------------+--------------------------------------------------+-----------+------------+---------+-----------+
| STORE_NO | SNAME        | TEL        | PREFECTURES | ADDRESS                                          | OPEN_TIME | CLOSE_TIME | HOLIDAY | STATUS    |
+----------+--------------+------------+-------------+--------------------------------------------------+-----------+------------+---------+-----------+
| 001      | 中崎町店     | 0663740144 | 大阪府      | 大阪市北区中崎西２－３－３５                     | 10:00:00  | 22:00:00   | 水      | 営業中    |
| 002      | 森ノ宮店     | 0669413044 | 大阪府      | 大阪市中央区大阪城１－１                         | 09:00:00  | 22:00:00   | 水      | 営業中    |
| 003      | 生駒店       | 0743742173 | 奈良県      | 生駒市菜畑２３１２－１                           | 10:00:00  | 24:00:00   | 土日    | 閉店済    |
| 005      | 阿倍野店     | 0666229986 | 大阪府      | 大阪市阿倍野区文の里１―１―４０                   | 09:00:00  | 22:00:00   | 土日    | 営業中    |
+----------+--------------+------------+-------------+--------------------------------------------------+-----------+------------+---------+-----------+
4 rows in set (0.00 sec)

--------------
COMMIT
--------------

Query OK, 0 rows affected (0.01 sec)

mysql> notee
